<?xml version="1.0" encoding="UTF-8"?>
<!-- Generated by org.testng.reporters.JUnitReportReporter -->
<testsuite hostname="ADMIN" failures="0" tests="3" name="scripts.regression.TestScript2" time="0.013" errors="0" timestamp="2022-10-31T20:44:27 IST" skipped="0">
  <testcase classname="scripts.regression.TestScript2" name="m5" time="0.004"/>
  <system-out/>
  <testcase classname="scripts.regression.TestScript2" name="m6" time="0.004"/>
  <system-out/>
  <testcase classname="scripts.regression.TestScript2" name="m4" time="0.005"/>
  <system-out/>
</testsuite> <!-- scripts.regression.TestScript2 -->
