<?xml version="1.0" encoding="UTF-8"?>
<!-- Generated by org.testng.reporters.JUnitReportReporter -->
<testsuite hostname="ADMIN" failures="0" tests="3" name="scripts.regression.TestScript1" time="0.025" errors="0" timestamp="2022-10-31T20:44:27 IST" skipped="0">
  <testcase classname="scripts.regression.TestScript1" name="m1" time="0.012"/>
  <system-out/>
  <testcase classname="scripts.regression.TestScript1" name="m3" time="0.009"/>
  <system-out/>
  <testcase classname="scripts.regression.TestScript1" name="m2" time="0.004"/>
  <system-out/>
</testsuite> <!-- scripts.regression.TestScript1 -->
