<?xml version="1.0" encoding="UTF-8"?>
<!-- Generated by org.testng.reporters.JUnitReportReporter -->
<testsuite hostname="ADMIN" failures="0" tests="1" name="testcases.ToVerifyValidLoginDetails" time="14.026" errors="0" timestamp="2022-11-29T21:01:08 IST" skipped="0">
  <testcase classname="testcases.ToVerifyValidLoginDetails" name="toVerifyValidLoginDetailsTest" time="14.026"/>
  <system-out/>
</testsuite> <!-- testcases.ToVerifyValidLoginDetails -->
