<?xml version="1.0" encoding="UTF-8"?>
<!-- Generated by org.testng.reporters.JUnitReportReporter -->
<testsuite hostname="ADMIN" failures="0" tests="4" name="scripts.regression.ValidateLogin" time="47.876" errors="0" timestamp="2022-11-01T20:55:44 IST" skipped="0">
  <testcase classname="scripts.regression.ValidateLogin" name="validateLoginTest" time="10.590"/>
  <system-out/>
  <testcase classname="scripts.regression.ValidateLogin" name="validateLoginTest" time="10.526"/>
  <system-out/>
  <testcase classname="scripts.regression.ValidateLogin" name="validateLoginTest" time="11.684"/>
  <system-out/>
  <testcase classname="scripts.regression.ValidateLogin" name="validateLoginTest" time="15.076"/>
  <system-out/>
</testsuite> <!-- scripts.regression.ValidateLogin -->
